Determining if the pthread_create exist failed with the following output:
Change Dir: /home/guesnier/catkin_ws/build/CMakeFiles/CMakeTmp

Run Build Command:"/usr/bin/make" "cmTC_8f459/fast"
/usr/bin/make -f CMakeFiles/cmTC_8f459.dir/build.make CMakeFiles/cmTC_8f459.dir/build
make[1] : on entre dans le répertoire « /home/guesnier/catkin_ws/build/CMakeFiles/CMakeTmp »
Building C object CMakeFiles/cmTC_8f459.dir/CheckSymbolExists.c.o
/usr/bin/cc     -o CMakeFiles/cmTC_8f459.dir/CheckSymbolExists.c.o   -c /home/guesnier/catkin_ws/build/CMakeFiles/CMakeTmp/CheckSymbolExists.c
Linking C executable cmTC_8f459
/usr/bin/cmake -E cmake_link_script CMakeFiles/cmTC_8f459.dir/link.txt --verbose=1
/usr/bin/cc       CMakeFiles/cmTC_8f459.dir/CheckSymbolExists.c.o  -o cmTC_8f459 -rdynamic 
CMakeFiles/cmTC_8f459.dir/CheckSymbolExists.c.o : Dans la fonction « main » :
CheckSymbolExists.c:(.text+0x16) : référence indéfinie vers « pthread_create »
collect2: error: ld returned 1 exit status
CMakeFiles/cmTC_8f459.dir/build.make:97 : la recette pour la cible « cmTC_8f459 » a échouée
make[1]: *** [cmTC_8f459] Erreur 1
make[1] : on quitte le répertoire « /home/guesnier/catkin_ws/build/CMakeFiles/CMakeTmp »
Makefile:126 : la recette pour la cible « cmTC_8f459/fast » a échouée
make: *** [cmTC_8f459/fast] Erreur 2

File /home/guesnier/catkin_ws/build/CMakeFiles/CMakeTmp/CheckSymbolExists.c:
/* */
#include <pthread.h>

int main(int argc, char** argv)
{
  (void)argv;
#ifndef pthread_create
  return ((int*)(&pthread_create))[argc];
#else
  (void)argc;
  return 0;
#endif
}

Determining if the function pthread_create exists in the pthreads failed with the following output:
Change Dir: /home/guesnier/catkin_ws/build/CMakeFiles/CMakeTmp

Run Build Command:"/usr/bin/make" "cmTC_86f3f/fast"
/usr/bin/make -f CMakeFiles/cmTC_86f3f.dir/build.make CMakeFiles/cmTC_86f3f.dir/build
make[1] : on entre dans le répertoire « /home/guesnier/catkin_ws/build/CMakeFiles/CMakeTmp »
Building C object CMakeFiles/cmTC_86f3f.dir/CheckFunctionExists.c.o
/usr/bin/cc    -DCHECK_FUNCTION_EXISTS=pthread_create   -o CMakeFiles/cmTC_86f3f.dir/CheckFunctionExists.c.o   -c /usr/share/cmake-3.5/Modules/CheckFunctionExists.c
Linking C executable cmTC_86f3f
/usr/bin/cmake -E cmake_link_script CMakeFiles/cmTC_86f3f.dir/link.txt --verbose=1
/usr/bin/cc   -DCHECK_FUNCTION_EXISTS=pthread_create    CMakeFiles/cmTC_86f3f.dir/CheckFunctionExists.c.o  -o cmTC_86f3f -rdynamic -lpthreads 
/usr/bin/ld : ne peut trouver -lpthreads
collect2: error: ld returned 1 exit status
CMakeFiles/cmTC_86f3f.dir/build.make:97 : la recette pour la cible « cmTC_86f3f » a échouée
make[1]: *** [cmTC_86f3f] Erreur 1
make[1] : on quitte le répertoire « /home/guesnier/catkin_ws/build/CMakeFiles/CMakeTmp »
Makefile:126 : la recette pour la cible « cmTC_86f3f/fast » a échouée
make: *** [cmTC_86f3f/fast] Erreur 2


